<?xml version="1.0" encoding="UTF-8"?>
<testsuite xmlns:xsi="http://www.w3.org/2001/XMLSchema-instance" xsi:noNamespaceSchemaLocation="https://maven.apache.org/surefire/maven-surefire-plugin/xsd/surefire-test-report-3.0.xsd" version="3.0" name="com.example.AppTest" time="0.124" tests="15" errors="0" skipped="0" failures="0">
  <properties>
[...]
</properties>
  <testcase name="testgetName" classname="com.example.AppTest" time="0.041"/>
  <testcase name="testisOpen" classname="com.example.AppTest" time="0.004"/>
  <testcase name="testgetGenre" classname="com.example.AppTest" time="0.004"/>
  <testcase name="testgetTitle" classname="com.example.AppTest" time="0.001"/>
  <testcase name="testgetBookByIdx" classname="com.example.AppTest" time="0.001"/>
  <testcase name="testreturnBook" classname="com.example.AppTest" time="0.002">
    <system-out><![CDATA[Borrowed book: HORROR
]]></system-out>
  </testcase>
  <testcase name="testborrowBook" classname="com.example.AppTest" time="0.003">
    <system-out><![CDATA[Borrowed book: HORROR
]]></system-out>
  </testcase>
  <testcase name="testGetBooksByGenre" classname="com.example.AppTest" time="0.001"/>
  <testcase name="testisClosed" classname="com.example.AppTest" time="0.001"/>
  <testcase name="testgetAvailableBooks" classname="com.example.AppTest" time="0.001">
    <system-out><![CDATA[Borrowed book: HORROR
Borrowed book: FICTION
]]></system-out>
  </testcase>
  <testcase name="testBookBorrowed" classname="com.example.AppTest" time="0.001"/>
  <testcase name="testaddBook" classname="com.example.AppTest" time="0.001">
    <system-out><![CDATA[Book not defined
]]></system-out>
  </testcase>
  <testcase name="testgetAddress" classname="com.example.AppTest" time="0.002"/>
  <testcase name="testgetAllBooks" classname="com.example.AppTest" time="0.002"/>
  <testcase name="testgetDescription" classname="com.example.AppTest" time="0.002"/>
</testsuite>